#
# A fatal error has been detected by the Java Runtime Environment:
#
#  SIGSEGV (0xb) at pc=0x0000000106046914, pid=81745, tid=19203
#
# JRE version: Java(TM) SE Runtime Environment (8.0_60-b27) (build 1.8.0_60-b27)
# Java VM: Java HotSpot(TM) 64-Bit Server VM (25.60-b23 mixed mode bsd-amd64 compressed oops)
# Problematic frame:
# V  [libjvm.dylib+0x446914]
#
# Failed to write core dump. Core dumps have been disabled. To enable core dumping, try "ulimit -c unlimited" before starting Java again
#
# If you would like to submit a bug report, please visit:
#   http://bugreport.java.com/bugreport/crash.jsp
#

---------------  T H R E A D  ---------------

Current thread (0x00007f859b00e000):  JavaThread "JDWP Transport Listener: dt_socket" daemon [_thread_in_vm, id=19203, stack(0x00007000094e3000,0x00007000095e3000)]

siginfo: si_signo: 11 (SIGSEGV), si_code: 1 (SEGV_MAPERR), si_addr: 0x00000000003b3839

Registers:
RAX=0x0000000000000001, RBX=0x00007000095e2a8b, RCX=0x0000000106415310, RDX=0x00007000095e2a8b
RSP=0x00007000095e29d0, RBP=0x00007000095e29e0, RSI=0x00007f859b00e000, RDI=0x00000000003b3839
R8 =0x0000000000000000, R9 =0x00007f8598d3b0a0, R10=0x0000000000000001, R11=0x0000000000000001
R12=0x00007f859b00e000, R13=0x00000000003b3839, R14=0x00000000003b3839, R15=0x00007f8598c03290
RIP=0x0000000106046914, EFLAGS=0x0000000000010206, ERR=0x0000000000000004
  TRAPNO=0x000000000000000e

Top of Stack: (sp=0x00007000095e29d0)
0x00007000095e29d0:   00007000095e2a8b 00007000095e2a8b
0x00007000095e29e0:   00007000095e2a40 0000000105f55a0e
0x00007000095e29f0:   00007f859b00e000 0000000000000000
0x00007000095e2a00:   0000000000000000 0000000000000000
0x00007000095e2a10:   00007f859b00e000 00007f859b00e000
0x00007000095e2a20:   00007000095e2a8b 00007000095e2a90
0x00007000095e2a30:   00000000003b3839 0000000000000009
0x00007000095e2a40:   00007000095e2a60 0000000104b02780
0x00007000095e2a50:   0000000000000001 00007000095e2b08
0x00007000095e2a60:   00007000095e2ad0 0000000104ae71f3
0x00007000095e2a70:   00007000095e2aa0 00007f8598d2d6d0
0x00007000095e2a80:   0000000a00000032 f000100a015e2b08
0x00007000095e2a90:   0000000000000000 0000000000000000
0x00007000095e2aa0:   0000000000000000 00007000095e2c90
0x00007000095e2ab0:   0000000104b09e7a 00007f8598d13230
0x00007000095e2ac0:   00007000095e2b08 0000000104b15598
0x00007000095e2ad0:   00007000095e2ae0 0000000104ae72ec
0x00007000095e2ae0:   00007000095e2d00 0000000104af0898
0x00007000095e2af0:   0000bad700000013 00000000000f0200
0x00007000095e2b00:   00007f8598d3b2f0 00007f85990484e3
0x00007000095e2b10:   00007f85000003cd 00007f8598d322c0
0x00007000095e2b20:   00007f850000012c 00007000095e2b58
0x00007000095e2b30:   00007f8598d37910 0000000000000000
0x00007000095e2b40:   0000bad7000000b4 00007f8500004e80
0x00007000095e2b50:   00007000095e2b58 857f00000a000000
0x00007000095e2b60:   080000003833e098 3e74696e696c633c
0x00007000095e2b70:   0056292803000000 0008000000000000
0x00007000095e2b80:   003033e098857f00 74696e693c060000
0x00007000095e2b90:   562928030000003e 0100000000000000
0x00007000095e2ba0:   4033e098857f0000 6e69616d04000000
0x00007000095e2bb0:   6a4c5b2816000000 676e616c2f617661
0x00007000095e2bc0:   3b676e697274532f 0000000000005629 

Instructions: (pc=0x0000000106046914)
0x00000001060468f4:   40 48 48 85 c0 75 e0 30 c0 0f b6 c0 5d c3 31 c0
0x0000000106046904:   5d c3 55 48 89 e5 53 48 83 ec 08 48 85 ff 74 24
0x0000000106046914:   48 8b 1f 48 85 db 74 1c 48 83 fb 37 74 16 48 8b
0x0000000106046924:   03 48 89 df ff 50 10 84 c0 b8 00 00 00 00 48 0f 

Register to memory mapping:

RAX=0x0000000000000001 is an unknown value
RBX=0x00007000095e2a8b is pointing into the stack for thread: 0x00007f859b00e000
RCX=0x0000000106415310: UseMembar+0 in /Users/nsaipraveen/Downloads/ride-6.1.1-mac64/Eclipse.app/Contents/Eclipse/OracleJDK8/Contents/Home/jre/lib/server/libjvm.dylib at 0x0000000105c00000
RDX=0x00007000095e2a8b is pointing into the stack for thread: 0x00007f859b00e000
RSP=0x00007000095e29d0 is pointing into the stack for thread: 0x00007f859b00e000
RBP=0x00007000095e29e0 is pointing into the stack for thread: 0x00007f859b00e000
RSI=0x00007f859b00e000 is a thread
RDI=0x00000000003b3839 is an unknown value
R8 =0x0000000000000000 is an unknown value
R9 =0x00007f8598d3b0a0 is an unknown value
R10=0x0000000000000001 is an unknown value
R11=0x0000000000000001 is an unknown value
R12=0x00007f859b00e000 is a thread
R13=0x00000000003b3839 is an unknown value
R14=0x00000000003b3839 is an unknown value
R15=0x00007f8598c03290 is an unknown value


Stack: [0x00007000094e3000,0x00007000095e3000],  sp=0x00007000095e29d0,  free space=1022k
Native frames: (J=compiled Java code, j=interpreted, Vv=VM code, C=native code)
V  [libjvm.dylib+0x446914]
V  [libjvm.dylib+0x355a0e]
C  [libjdwp.dylib+0x20780]  isMethodSynthetic+0x63
C  [libjdwp.dylib+0x51f3]  methods1+0x10b
C  [libjdwp.dylib+0x52ec]  methodsWithGeneric+0xe
C  [libjdwp.dylib+0xe898]  debugLoop_run+0x1ce
C  [libjdwp.dylib+0x1f6ba]  attachThread+0x4d
V  [libjvm.dylib+0x396d6c]
V  [libjvm.dylib+0x5612d3]
V  [libjvm.dylib+0x5629ce]
V  [libjvm.dylib+0x48343a]
C  [libsystem_pthread.dylib+0x393b]  _pthread_body+0xb4
C  [libsystem_pthread.dylib+0x3887]  _pthread_body+0x0
C  [libsystem_pthread.dylib+0x308d]  thread_start+0xd
C  0x0000000000000000


---------------  P R O C E S S  ---------------

Java Threads: ( => current thread )
  0x00007f859b801000 JavaThread "Service Thread" daemon [_thread_blocked, id=22787, stack(0x0000700009bf8000,0x0000700009cf8000)]
  0x00007f8599030800 JavaThread "C1 CompilerThread3" daemon [_thread_blocked, id=22275, stack(0x0000700009af5000,0x0000700009bf5000)]
  0x00007f859902f800 JavaThread "C2 CompilerThread2" daemon [_thread_blocked, id=21763, stack(0x00007000099f2000,0x0000700009af2000)]
  0x00007f8599047800 JavaThread "C2 CompilerThread1" daemon [_thread_blocked, id=21251, stack(0x00007000098ef000,0x00007000099ef000)]
  0x00007f859b019800 JavaThread "C2 CompilerThread0" daemon [_thread_blocked, id=20739, stack(0x00007000097ec000,0x00007000098ec000)]
  0x00007f859a00b800 JavaThread "JDWP Command Reader" daemon [_thread_in_native, id=20227, stack(0x00007000096e9000,0x00007000097e9000)]
  0x00007f859b00d000 JavaThread "JDWP Event Helper Thread" daemon [_thread_blocked, id=19715, stack(0x00007000095e6000,0x00007000096e6000)]
=>0x00007f859b00e000 JavaThread "JDWP Transport Listener: dt_socket" daemon [_thread_in_vm, id=19203, stack(0x00007000094e3000,0x00007000095e3000)]
  0x00007f859b003800 JavaThread "Signal Dispatcher" daemon [_thread_blocked, id=18691, stack(0x00007000093e0000,0x00007000094e0000)]
  0x00007f859b007800 JavaThread "Finalizer" daemon [_thread_blocked, id=14595, stack(0x00007000092dd000,0x00007000093dd000)]
  0x00007f859a002800 JavaThread "Reference Handler" daemon [_thread_blocked, id=14083, stack(0x00007000091da000,0x00007000092da000)]
  0x00007f859b802000 JavaThread "main" [_thread_blocked, id=7171, stack(0x00007000087bc000,0x00007000088bc000)]

Other Threads:
  0x00007f859c030000 VMThread [stack: 0x00007000090d7000,0x00007000091d7000] [id=13571]
  0x00007f859902d000 WatcherThread [stack: 0x0000700009dfe000,0x0000700009efe000] [id=23811]

VM state:not at safepoint (normal execution)

VM Mutex/Monitor currently owned by a thread: None

Heap:
 PSYoungGen      total 76288K, used 7864K [0x000000076ab00000, 0x0000000770000000, 0x00000007c0000000)
  eden space 65536K, 12% used [0x000000076ab00000,0x000000076b2ae248,0x000000076eb00000)
  from space 10752K, 0% used [0x000000076f580000,0x000000076f580000,0x0000000770000000)
  to   space 10752K, 0% used [0x000000076eb00000,0x000000076eb00000,0x000000076f580000)
 ParOldGen       total 175104K, used 0K [0x00000006c0000000, 0x00000006cab00000, 0x000000076ab00000)
  object space 175104K, 0% used [0x00000006c0000000,0x00000006c0000000,0x00000006cab00000)
 Metaspace       used 4535K, capacity 4816K, committed 4992K, reserved 1056768K
  class space    used 501K, capacity 561K, committed 640K, reserved 1048576K

Card table byte_map: [0x0000000106f49000,0x000000010774a000] byte_map_base: 0x0000000103949000

Marking Bits: (ParMarkBitMap*) 0x00000001064dee20
 Begin Bits: [0x000000011c167000, 0x0000000120167000)
 End Bits:   [0x0000000120167000, 0x0000000124167000)

Polling page: 0x0000000104ae1000

CodeCache: size=245760Kb used=1682Kb max_used=1682Kb free=244077Kb
 bounds [0x000000010d167000, 0x000000010d3d7000, 0x000000011c167000]
 total_blobs=552 nmethods=293 adapters=181
 compilation: enabled

Compilation events (10 events):
Event: 35.035 Thread 0x00007f8599030800  289       3       java.io.BufferedWriter::newLine (9 bytes)
Event: 35.036 Thread 0x00007f8599030800 nmethod 289 0x000000010d30a5d0 code [0x000000010d30a760, 0x000000010d30aac8]
Event: 39.045 Thread 0x00007f8599030800  291       3       java.util.ArrayList::iterator (10 bytes)
Event: 39.046 Thread 0x00007f8599030800 nmethod 291 0x000000010d30ac50 code [0x000000010d30adc0, 0x000000010d30b0b0]
Event: 39.046 Thread 0x00007f8599030800  292       3       java.util.ArrayList$Itr::<init> (6 bytes)
Event: 39.046 Thread 0x00007f8599030800 nmethod 292 0x000000010d30b210 code [0x000000010d30b380, 0x000000010d30b5d0]
Event: 39.046 Thread 0x00007f8599030800  293       3       java.util.ArrayList$Itr::<init> (26 bytes)
Event: 39.046 Thread 0x00007f8599030800 nmethod 293 0x000000010d30b710 code [0x000000010d30b880, 0x000000010d30ba70]
Event: 39.046 Thread 0x00007f8599030800  290       3       java.lang.Math::max (11 bytes)
Event: 39.046 Thread 0x00007f8599030800 nmethod 290 0x000000010d30bb50 code [0x000000010d30bcc0, 0x000000010d30be50]

GC Heap History (0 events):
No events

Deoptimization events (0 events):
No events

Internal exceptions (9 events):
Event: 0.041 Thread 0x00007f859b802000 Exception <a 'java/lang/NoSuchMethodError': Method sun.misc.Unsafe.defineClass(Ljava/lang/String;[BII)Ljava/lang/Class; name or signature does not match> (0x000000076ab12928) thrown at [/Users/java_re/workspace/8-2-build-macosx-x86_64/jdk8u60/4407/hotspot
Event: 0.041 Thread 0x00007f859b802000 Exception <a 'java/lang/NoSuchMethodError': Method sun.misc.Unsafe.prefetchRead(Ljava/lang/Object;J)V name or signature does not match> (0x000000076ab12c10) thrown at [/Users/java_re/workspace/8-2-build-macosx-x86_64/jdk8u60/4407/hotspot/src/share/vm/prim
Event: 0.154 Thread 0x00007f8599060800 Exception <a 'java/security/PrivilegedActionException'> (0x000000076af238e8) thrown at [/Users/java_re/workspace/8-2-build-macosx-x86_64/jdk8u60/4407/hotspot/src/share/vm/prims/jvm.cpp, line 1386]
Event: 0.154 Thread 0x00007f8599060800 Exception <a 'java/security/PrivilegedActionException'> (0x000000076af23af8) thrown at [/Users/java_re/workspace/8-2-build-macosx-x86_64/jdk8u60/4407/hotspot/src/share/vm/prims/jvm.cpp, line 1386]
Event: 0.154 Thread 0x00007f8599060800 Exception <a 'java/security/PrivilegedActionException'> (0x000000076af27d98) thrown at [/Users/java_re/workspace/8-2-build-macosx-x86_64/jdk8u60/4407/hotspot/src/share/vm/prims/jvm.cpp, line 1386]
Event: 0.154 Thread 0x00007f8599060800 Exception <a 'java/security/PrivilegedActionException'> (0x000000076af27fa8) thrown at [/Users/java_re/workspace/8-2-build-macosx-x86_64/jdk8u60/4407/hotspot/src/share/vm/prims/jvm.cpp, line 1386]
Event: 0.179 Thread 0x00007f8599060800 Exception <a 'java/net/UnknownHostException'> (0x000000076af72e40) thrown at [/Users/java_re/workspace/8-2-build-macosx-x86_64/jdk8u60/4407/hotspot/src/share/vm/prims/jni.cpp, line 709]
Event: 1.753 Thread 0x00007f859b802000 Exception <a 'java/lang/NoSuchFieldError': method resolution failed> (0x000000076b16cd90) thrown at [/Users/java_re/workspace/8-2-build-macosx-x86_64/jdk8u60/4407/hotspot/src/share/vm/prims/methodHandles.cpp, line 1146]
Event: 1.757 Thread 0x00007f859b802000 Exception <a 'java/lang/NoSuchFieldError': method resolution failed> (0x000000076b17a160) thrown at [/Users/java_re/workspace/8-2-build-macosx-x86_64/jdk8u60/4407/hotspot/src/share/vm/prims/methodHandles.cpp, line 1146]

Events (10 events):
Event: 554.776 Executing VM operation: GetCurrentLocation
Event: 554.776 Executing VM operation: GetCurrentLocation done
Event: 554.776 Executing VM operation: EnterInterpOnlyMode
Event: 554.776 Executing VM operation: EnterInterpOnlyMode done
Event: 554.776 Executing VM operation: ChangeSingleStep
Event: 554.776 Executing VM operation: ChangeSingleStep done
Event: 554.777 Executing VM operation: ChangeSingleStep
Event: 554.777 Executing VM operation: ChangeSingleStep done
Event: 554.779 Executing VM operation: RedefineClasses
Event: 554.781 Executing VM operation: RedefineClasses done


Dynamic libraries:
0x000000000923e000 	/System/Library/Frameworks/Cocoa.framework/Versions/A/Cocoa
0x000000000923e000 	/System/Library/Frameworks/Security.framework/Versions/A/Security
0x000000000923e000 	/System/Library/Frameworks/ApplicationServices.framework/Versions/A/ApplicationServices
0x000000000923e000 	/usr/lib/libz.1.dylib
0x000000000923e000 	/usr/lib/libSystem.B.dylib
0x000000000923e000 	/usr/lib/libobjc.A.dylib
0x000000000923e000 	/System/Library/Frameworks/CoreFoundation.framework/Versions/A/CoreFoundation
0x000000000923e000 	/System/Library/Frameworks/Foundation.framework/Versions/C/Foundation
0x000000000923e000 	/System/Library/Frameworks/AppKit.framework/Versions/C/AppKit
0x000000000923e000 	/System/Library/Frameworks/CoreData.framework/Versions/A/CoreData
0x000000000923e000 	/System/Library/PrivateFrameworks/RemoteViewServices.framework/Versions/A/RemoteViewServices
0x000000000923e000 	/System/Library/PrivateFrameworks/UIFoundation.framework/Versions/A/UIFoundation
0x000000000923e000 	/System/Library/PrivateFrameworks/DFRFoundation.framework/Versions/A/DFRFoundation
0x000000000923e000 	/usr/lib/libenergytrace.dylib
0x000000000923e000 	/System/Library/PrivateFrameworks/SkyLight.framework/Versions/A/SkyLight
0x000000000923e000 	/System/Library/Frameworks/CoreGraphics.framework/Versions/A/CoreGraphics
0x000000000923e000 	/usr/lib/libScreenReader.dylib
0x000000000923e000 	/System/Library/Frameworks/Accelerate.framework/Versions/A/Accelerate
0x000000000923e000 	/System/Library/Frameworks/IOSurface.framework/Versions/A/IOSurface
0x000000000923e000 	/System/Library/Frameworks/AudioToolbox.framework/Versions/A/AudioToolbox
0x000000000923e000 	/System/Library/Frameworks/AudioUnit.framework/Versions/A/AudioUnit
0x000000000923e000 	/System/Library/PrivateFrameworks/DataDetectorsCore.framework/Versions/A/DataDetectorsCore
0x000000000923e000 	/System/Library/PrivateFrameworks/DesktopServicesPriv.framework/Versions/A/DesktopServicesPriv
0x000000000923e000 	/System/Library/Frameworks/Carbon.framework/Versions/A/Frameworks/HIToolbox.framework/Versions/A/HIToolbox
0x000000000923e000 	/usr/lib/libicucore.A.dylib
0x000000000923e000 	/System/Library/Frameworks/QuartzCore.framework/Versions/A/QuartzCore
0x000000000923e000 	/System/Library/Frameworks/Carbon.framework/Versions/A/Frameworks/SpeechRecognition.framework/Versions/A/SpeechRecognition
0x000000000923e000 	/usr/lib/libauto.dylib
0x000000000923e000 	/usr/lib/libxml2.2.dylib
0x000000000923e000 	/System/Library/PrivateFrameworks/CoreUI.framework/Versions/A/CoreUI
0x000000000923e000 	/System/Library/Frameworks/CoreAudio.framework/Versions/A/CoreAudio
0x000000000923e000 	/System/Library/Frameworks/DiskArbitration.framework/Versions/A/DiskArbitration
0x000000000923e000 	/usr/lib/liblangid.dylib
0x000000000923e000 	/System/Library/PrivateFrameworks/MultitouchSupport.framework/Versions/A/MultitouchSupport
0x000000000923e000 	/System/Library/Frameworks/IOKit.framework/Versions/A/IOKit
0x000000000923e000 	/usr/lib/libDiagnosticMessagesClient.dylib
0x000000000923e000 	/System/Library/Frameworks/CoreServices.framework/Versions/A/CoreServices
0x000000000923e000 	/System/Library/PrivateFrameworks/PerformanceAnalysis.framework/Versions/A/PerformanceAnalysis
0x000000000923e000 	/System/Library/PrivateFrameworks/GenerationalStorage.framework/Versions/A/GenerationalStorage
0x000000000923e000 	/System/Library/Frameworks/OpenGL.framework/Versions/A/OpenGL
0x000000000923e000 	/System/Library/Frameworks/CoreImage.framework/Versions/A/CoreImage
0x000000000923e000 	/System/Library/Frameworks/CoreText.framework/Versions/A/CoreText
0x000000000923e000 	/System/Library/Frameworks/ImageIO.framework/Versions/A/ImageIO
0x000000000923e000 	/System/Library/PrivateFrameworks/Backup.framework/Versions/A/Backup
0x000000000923e000 	/usr/lib/libarchive.2.dylib
0x000000000923e000 	/System/Library/Frameworks/CFNetwork.framework/Versions/A/CFNetwork
0x000000000923e000 	/System/Library/Frameworks/SystemConfiguration.framework/Versions/A/SystemConfiguration
0x000000000923e000 	/usr/lib/libCRFSuite.dylib
0x000000000923e000 	/usr/lib/libc++.1.dylib
0x000000000923e000 	/usr/lib/libc++abi.dylib
0x000000000923e000 	/usr/lib/system/libcache.dylib
0x000000000923e000 	/usr/lib/system/libcommonCrypto.dylib
0x000000000923e000 	/usr/lib/system/libcompiler_rt.dylib
0x000000000923e000 	/usr/lib/system/libcopyfile.dylib
0x000000000923e000 	/usr/lib/system/libcorecrypto.dylib
0x000000000923e000 	/usr/lib/system/libdispatch.dylib
0x000000000923e000 	/usr/lib/system/libdyld.dylib
0x000000000923e000 	/usr/lib/system/libkeymgr.dylib
0x000000000923e000 	/usr/lib/system/liblaunch.dylib
0x000000000923e000 	/usr/lib/system/libmacho.dylib
0x000000000923e000 	/usr/lib/system/libquarantine.dylib
0x000000000923e000 	/usr/lib/system/libremovefile.dylib
0x000000000923e000 	/usr/lib/system/libsystem_asl.dylib
0x000000000923e000 	/usr/lib/system/libsystem_blocks.dylib
0x000000000923e000 	/usr/lib/system/libsystem_c.dylib
0x000000000923e000 	/usr/lib/system/libsystem_configuration.dylib
0x000000000923e000 	/usr/lib/system/libsystem_coreservices.dylib
0x000000000923e000 	/usr/lib/system/libsystem_coretls.dylib
0x000000000923e000 	/usr/lib/system/libsystem_dnssd.dylib
0x000000000923e000 	/usr/lib/system/libsystem_info.dylib
0x000000000923e000 	/usr/lib/system/libsystem_kernel.dylib
0x000000000923e000 	/usr/lib/system/libsystem_m.dylib
0x000000000923e000 	/usr/lib/system/libsystem_malloc.dylib
0x000000000923e000 	/usr/lib/system/libsystem_network.dylib
0x000000000923e000 	/usr/lib/system/libsystem_networkextension.dylib
0x000000000923e000 	/usr/lib/system/libsystem_notify.dylib
0x000000000923e000 	/usr/lib/system/libsystem_platform.dylib
0x000000000923e000 	/usr/lib/system/libsystem_pthread.dylib
0x000000000923e000 	/usr/lib/system/libsystem_sandbox.dylib
0x000000000923e000 	/usr/lib/system/libsystem_secinit.dylib
0x000000000923e000 	/usr/lib/system/libsystem_symptoms.dylib
0x000000000923e000 	/usr/lib/system/libsystem_trace.dylib
0x000000000923e000 	/usr/lib/system/libunwind.dylib
0x000000000923e000 	/usr/lib/system/libxpc.dylib
0x000000000923e000 	/usr/lib/libbsm.0.dylib
0x000000000923e000 	/usr/lib/system/libkxld.dylib
0x000000000923e000 	/usr/lib/libcoretls.dylib
0x000000000923e000 	/usr/lib/libcoretls_cfhelpers.dylib
0x000000000923e000 	/usr/lib/libOpenScriptingUtil.dylib
0x000000000923e000 	/usr/lib/libpam.2.dylib
0x000000000923e000 	/usr/lib/libsqlite3.dylib
0x000000000923e000 	/usr/lib/libxar.1.dylib
0x000000000923e000 	/usr/lib/libbz2.1.0.dylib
0x000000000923e000 	/usr/lib/liblzma.5.dylib
0x000000000923e000 	/usr/lib/libnetwork.dylib
0x000000000923e000 	/usr/lib/libpcap.A.dylib
0x000000000923e000 	/System/Library/Frameworks/CoreServices.framework/Versions/A/Frameworks/FSEvents.framework/Versions/A/FSEvents
0x000000000923e000 	/System/Library/Frameworks/CoreServices.framework/Versions/A/Frameworks/CarbonCore.framework/Versions/A/CarbonCore
0x000000000923e000 	/System/Library/Frameworks/CoreServices.framework/Versions/A/Frameworks/Metadata.framework/Versions/A/Metadata
0x000000000923e000 	/System/Library/Frameworks/CoreServices.framework/Versions/A/Frameworks/OSServices.framework/Versions/A/OSServices
0x000000000923e000 	/System/Library/Frameworks/CoreServices.framework/Versions/A/Frameworks/SearchKit.framework/Versions/A/SearchKit
0x000000000923e000 	/System/Library/Frameworks/CoreServices.framework/Versions/A/Frameworks/AE.framework/Versions/A/AE
0x000000000923e000 	/System/Library/Frameworks/CoreServices.framework/Versions/A/Frameworks/LaunchServices.framework/Versions/A/LaunchServices
0x000000000923e000 	/System/Library/Frameworks/CoreServices.framework/Versions/A/Frameworks/DictionaryServices.framework/Versions/A/DictionaryServices
0x000000000923e000 	/System/Library/Frameworks/CoreServices.framework/Versions/A/Frameworks/SharedFileList.framework/Versions/A/SharedFileList
0x000000000923e000 	/System/Library/Frameworks/NetFS.framework/Versions/A/NetFS
0x000000000923e000 	/System/Library/PrivateFrameworks/NetAuth.framework/Versions/A/NetAuth
0x000000000923e000 	/System/Library/PrivateFrameworks/login.framework/Versions/A/Frameworks/loginsupport.framework/Versions/A/loginsupport
0x000000000923e000 	/System/Library/PrivateFrameworks/TCC.framework/Versions/A/TCC
0x000000000923e000 	/usr/lib/libmecabra.dylib
0x000000000923e000 	/System/Library/Frameworks/ApplicationServices.framework/Versions/A/Frameworks/ATS.framework/Versions/A/ATS
0x000000000923e000 	/System/Library/Frameworks/ApplicationServices.framework/Versions/A/Frameworks/ColorSync.framework/Versions/A/ColorSync
0x000000000923e000 	/System/Library/Frameworks/ApplicationServices.framework/Versions/A/Frameworks/HIServices.framework/Versions/A/HIServices
0x000000000923e000 	/System/Library/Frameworks/ApplicationServices.framework/Versions/A/Frameworks/LangAnalysis.framework/Versions/A/LangAnalysis
0x000000000923e000 	/System/Library/Frameworks/ApplicationServices.framework/Versions/A/Frameworks/PrintCore.framework/Versions/A/PrintCore
0x000000000923e000 	/System/Library/Frameworks/ApplicationServices.framework/Versions/A/Frameworks/QD.framework/Versions/A/QD
0x000000000923e000 	/System/Library/Frameworks/ApplicationServices.framework/Versions/A/Frameworks/SpeechSynthesis.framework/Versions/A/SpeechSynthesis
0x000000000923e000 	/System/Library/Frameworks/Accelerate.framework/Versions/A/Frameworks/vImage.framework/Versions/A/vImage
0x000000000923e000 	/System/Library/Frameworks/Accelerate.framework/Versions/A/Frameworks/vecLib.framework/Versions/A/vecLib
0x000000000923e000 	/System/Library/Frameworks/Accelerate.framework/Versions/A/Frameworks/vecLib.framework/Versions/A/libvDSP.dylib
0x000000000923e000 	/System/Library/Frameworks/Accelerate.framework/Versions/A/Frameworks/vecLib.framework/Versions/A/libBNNS.dylib
0x000000000923e000 	/System/Library/Frameworks/Accelerate.framework/Versions/A/Frameworks/vecLib.framework/Versions/A/libQuadrature.dylib
0x000000000923e000 	/System/Library/Frameworks/Accelerate.framework/Versions/A/Frameworks/vecLib.framework/Versions/A/libvMisc.dylib
0x000000000923e000 	/System/Library/Frameworks/Accelerate.framework/Versions/A/Frameworks/vecLib.framework/Versions/A/libLAPACK.dylib
0x000000000923e000 	/System/Library/Frameworks/Accelerate.framework/Versions/A/Frameworks/vecLib.framework/Versions/A/libBLAS.dylib
0x000000000923e000 	/System/Library/Frameworks/Accelerate.framework/Versions/A/Frameworks/vecLib.framework/Versions/A/libLinearAlgebra.dylib
0x000000000923e000 	/System/Library/Frameworks/Accelerate.framework/Versions/A/Frameworks/vecLib.framework/Versions/A/libSparseBLAS.dylib
0x000000000923e000 	/System/Library/Frameworks/ApplicationServices.framework/Versions/A/Frameworks/ATS.framework/Versions/A/Resources/libFontParser.dylib
0x000000000923e000 	/System/Library/Frameworks/ApplicationServices.framework/Versions/A/Frameworks/ATS.framework/Versions/A/Resources/libFontRegistry.dylib
0x000000000923e000 	/System/Library/Frameworks/ImageIO.framework/Versions/A/Resources/libJPEG.dylib
0x000000000923e000 	/System/Library/Frameworks/ImageIO.framework/Versions/A/Resources/libTIFF.dylib
0x000000000923e000 	/System/Library/Frameworks/ImageIO.framework/Versions/A/Resources/libPng.dylib
0x000000000923e000 	/System/Library/Frameworks/ImageIO.framework/Versions/A/Resources/libGIF.dylib
0x000000000923e000 	/System/Library/Frameworks/ImageIO.framework/Versions/A/Resources/libJP2.dylib
0x000000000923e000 	/System/Library/Frameworks/ImageIO.framework/Versions/A/Resources/libRadiance.dylib
0x000000000923e000 	/usr/lib/libcompression.dylib
0x000000000923e000 	/System/Library/PrivateFrameworks/AppleJPEG.framework/Versions/A/AppleJPEG
0x000000000923e000 	/usr/lib/libcups.2.dylib
0x000000000923e000 	/System/Library/Frameworks/Kerberos.framework/Versions/A/Kerberos
0x000000000923e000 	/System/Library/Frameworks/GSS.framework/Versions/A/GSS
0x000000000923e000 	/usr/lib/libresolv.9.dylib
0x000000000923e000 	/usr/lib/libiconv.2.dylib
0x000000000923e000 	/System/Library/PrivateFrameworks/Heimdal.framework/Versions/A/Heimdal
0x000000000923e000 	/usr/lib/libheimdal-asn1.dylib
0x000000000923e000 	/System/Library/Frameworks/OpenDirectory.framework/Versions/A/OpenDirectory
0x000000000923e000 	/System/Library/PrivateFrameworks/CommonAuth.framework/Versions/A/CommonAuth
0x000000000923e000 	/System/Library/Frameworks/OpenDirectory.framework/Versions/A/Frameworks/CFOpenDirectory.framework/Versions/A/CFOpenDirectory
0x000000000923e000 	/System/Library/Frameworks/SecurityFoundation.framework/Versions/A/SecurityFoundation
0x000000000923e000 	/System/Library/PrivateFrameworks/LanguageModeling.framework/Versions/A/LanguageModeling
0x000000000923e000 	/usr/lib/libmarisa.dylib
0x000000000923e000 	/usr/lib/libChineseTokenizer.dylib
0x000000000923e000 	/usr/lib/libcmph.dylib
0x000000000923e000 	/System/Library/PrivateFrameworks/CoreEmoji.framework/Versions/A/CoreEmoji
0x000000000923e000 	/System/Library/Frameworks/ServiceManagement.framework/Versions/A/ServiceManagement
0x000000000923e000 	/usr/lib/libxslt.1.dylib
0x000000000923e000 	/System/Library/Frameworks/Carbon.framework/Versions/A/Frameworks/Ink.framework/Versions/A/Ink
0x000000000923e000 	/System/Library/PrivateFrameworks/TextureIO.framework/Versions/A/TextureIO
0x000000000923e000 	/System/Library/Frameworks/Metal.framework/Versions/A/Metal
0x000000000923e000 	/usr/lib/libate.dylib
0x000000000923e000 	/System/Library/PrivateFrameworks/GPUCompiler.framework/libmetal_timestamp.dylib
0x000000000923e000 	/System/Library/Frameworks/OpenGL.framework/Versions/A/Libraries/libCoreFSCache.dylib
0x000000000923e000 	/System/Library/PrivateFrameworks/IOAccelerator.framework/Versions/A/IOAccelerator
0x000000000923e000 	/System/Library/Frameworks/CoreVideo.framework/Versions/A/CoreVideo
0x000000000923e000 	/usr/lib/libFosl_dynamic.dylib
0x000000000923e000 	/System/Library/PrivateFrameworks/MetalPerformanceShaders.framework/Versions/A/MetalPerformanceShaders
0x000000000923e000 	/System/Library/PrivateFrameworks/FaceCore.framework/Versions/A/FaceCore
0x000000000923e000 	/System/Library/Frameworks/OpenCL.framework/Versions/A/OpenCL
0x000000000923e000 	/System/Library/Frameworks/OpenGL.framework/Versions/A/Libraries/libGLU.dylib
0x000000000923e000 	/System/Library/Frameworks/OpenGL.framework/Versions/A/Libraries/libGFXShared.dylib
0x000000000923e000 	/System/Library/Frameworks/OpenGL.framework/Versions/A/Libraries/libGL.dylib
0x000000000923e000 	/System/Library/Frameworks/OpenGL.framework/Versions/A/Libraries/libGLImage.dylib
0x000000000923e000 	/System/Library/Frameworks/OpenGL.framework/Versions/A/Libraries/libCVMSPluginSupport.dylib
0x000000000923e000 	/System/Library/Frameworks/OpenGL.framework/Versions/A/Libraries/libCoreVMClient.dylib
0x000000000923e000 	/System/Library/PrivateFrameworks/CrashReporterSupport.framework/Versions/A/CrashReporterSupport
0x000000000923e000 	/System/Library/PrivateFrameworks/Sharing.framework/Versions/A/Sharing
0x000000000923e000 	/System/Library/PrivateFrameworks/IconServices.framework/Versions/A/IconServices
0x000000000923e000 	/System/Library/PrivateFrameworks/ProtocolBuffer.framework/Versions/A/ProtocolBuffer
0x000000000923e000 	/System/Library/PrivateFrameworks/Apple80211.framework/Versions/A/Apple80211
0x000000000923e000 	/System/Library/Frameworks/CoreWLAN.framework/Versions/A/CoreWLAN
0x000000000923e000 	/System/Library/PrivateFrameworks/CoreUtils.framework/Versions/A/CoreUtils
0x000000000923e000 	/System/Library/Frameworks/IOBluetooth.framework/Versions/A/IOBluetooth
0x000000000923e000 	/System/Library/PrivateFrameworks/CoreWiFi.framework/Versions/A/CoreWiFi
0x000000000923e000 	/System/Library/Frameworks/CoreBluetooth.framework/Versions/A/CoreBluetooth
0x000000000923e000 	/System/Library/Frameworks/CoreDisplay.framework/Versions/A/CoreDisplay
0x000000000923e000 	/System/Library/PrivateFrameworks/IOPresentment.framework/Versions/A/IOPresentment
0x000000000923e000 	/System/Library/PrivateFrameworks/DSExternalDisplay.framework/Versions/A/DSExternalDisplay
0x000000000923e000 	/System/Library/PrivateFrameworks/DebugSymbols.framework/Versions/A/DebugSymbols
0x000000000923e000 	/System/Library/PrivateFrameworks/CoreSymbolication.framework/Versions/A/CoreSymbolication
0x000000000923e000 	/System/Library/PrivateFrameworks/Symbolication.framework/Versions/A/Symbolication
0x000000000923e000 	/System/Library/PrivateFrameworks/AppleFSCompression.framework/Versions/A/AppleFSCompression
0x000000000923e000 	/System/Library/PrivateFrameworks/SpeechRecognitionCore.framework/Versions/A/SpeechRecognitionCore
0x000000000923e000 	/System/Library/PrivateFrameworks/ChunkingLibrary.framework/Versions/A/ChunkingLibrary
0x0000000105c00000 	/Users/nsaipraveen/Downloads/ride-6.1.1-mac64/Eclipse.app/Contents/Eclipse/OracleJDK8/Contents/Home/jre/lib/server/libjvm.dylib
0x000000000923e000 	/usr/lib/libstdc++.6.dylib
0x0000000104a9e000 	/Users/nsaipraveen/Downloads/ride-6.1.1-mac64/Eclipse.app/Contents/Eclipse/OracleJDK8/Contents/Home/jre/lib/libverify.dylib
0x0000000104aac000 	/Users/nsaipraveen/Downloads/ride-6.1.1-mac64/Eclipse.app/Contents/Eclipse/OracleJDK8/Contents/Home/jre/lib/libjava.dylib
0x0000000104ae2000 	/Users/nsaipraveen/Downloads/ride-6.1.1-mac64/Eclipse.app/Contents/Eclipse/OracleJDK8/Contents/Home/jre/lib/libjdwp.dylib
0x0000000104b2d000 	/Users/nsaipraveen/Downloads/ride-6.1.1-mac64/Eclipse.app/Contents/Eclipse/OracleJDK8/Contents/Home/jre/lib/libnpt.dylib
0x0000000104b3a000 	/Users/nsaipraveen/Downloads/ride-6.1.1-mac64/Eclipse.app/Contents/Eclipse/OracleJDK8/Contents/Home/jre/lib/libzip.dylib
0x000000010ab86000 	/System/Library/Frameworks/JavaVM.framework/Frameworks/JavaRuntimeSupport.framework/JavaRuntimeSupport
0x000000010aba0000 	/System/Library/Frameworks/JavaVM.framework/Versions/A/Frameworks/JavaNativeFoundation.framework/Versions/A/JavaNativeFoundation
0x000000010abb5000 	/System/Library/Frameworks/JavaVM.framework/Versions/A/JavaVM
0x000000000923e000 	/System/Library/Frameworks/Carbon.framework/Versions/A/Carbon
0x000000010abc2000 	/System/Library/PrivateFrameworks/JavaLaunching.framework/Versions/A/JavaLaunching
0x000000000923e000 	/System/Library/Frameworks/Carbon.framework/Versions/A/Frameworks/CommonPanels.framework/Versions/A/CommonPanels
0x000000000923e000 	/System/Library/Frameworks/Carbon.framework/Versions/A/Frameworks/Help.framework/Versions/A/Help
0x000000000923e000 	/System/Library/Frameworks/Carbon.framework/Versions/A/Frameworks/ImageCapture.framework/Versions/A/ImageCapture
0x000000000923e000 	/System/Library/Frameworks/Carbon.framework/Versions/A/Frameworks/OpenScripting.framework/Versions/A/OpenScripting
0x000000000923e000 	/System/Library/Frameworks/Carbon.framework/Versions/A/Frameworks/Print.framework/Versions/A/Print
0x000000000923e000 	/System/Library/Frameworks/Carbon.framework/Versions/A/Frameworks/SecurityHI.framework/Versions/A/SecurityHI
0x000000010c4d0000 	/Users/nsaipraveen/Downloads/ride-6.1.1-mac64/Eclipse.app/Contents/Eclipse/OracleJDK8/Contents/Home/jre/lib/libdt_socket.dylib
0x000000010c4d7000 	/Users/nsaipraveen/Downloads/ride-6.1.1-mac64/Eclipse.app/Contents/Eclipse/OracleJDK8/Contents/Home/jre/lib/libnet.dylib
0x000000010c536000 	/Users/nsaipraveen/Downloads/ride-6.1.1-mac64/Eclipse.app/Contents/Eclipse/OracleJDK8/Contents/Home/jre/lib/libmanagement.dylib

VM Arguments:
jvm_args: -agentlib:jdwp=transport=dt_socket,suspend=y,address=localhost:50567 -Dfile.encoding=US-ASCII 
java_command: newPackage.NQueens
java_class_path (initial): /Users/nsaipraveen/Documents/workspace/coreserv/Practice/bin
Launcher Type: SUN_STANDARD

Environment Variables:
PATH=/usr/bin:/bin:/usr/sbin:/sbin
SHELL=/bin/sh

Signal Handlers:
SIGSEGV: [libjvm.dylib+0x5a6d31], sa_mask[0]=11111111011111110111111111111111, sa_flags=SA_ONSTACK|SA_RESTART|SA_SIGINFO
SIGBUS: [libjvm.dylib+0x5a6d31], sa_mask[0]=11111111011111110111111111111111, sa_flags=SA_RESTART|SA_SIGINFO
SIGFPE: [libjvm.dylib+0x480a4c], sa_mask[0]=11111111011111110111111111111111, sa_flags=SA_RESTART|SA_SIGINFO
SIGPIPE: [libjvm.dylib+0x480a4c], sa_mask[0]=11111111011111110111111111111111, sa_flags=SA_RESTART|SA_SIGINFO
SIGXFSZ: [libjvm.dylib+0x480a4c], sa_mask[0]=11111111011111110111111111111111, sa_flags=SA_RESTART|SA_SIGINFO
SIGILL: [libjvm.dylib+0x480a4c], sa_mask[0]=11111111011111110111111111111111, sa_flags=SA_RESTART|SA_SIGINFO
SIGUSR1: SIG_DFL, sa_mask[0]=00000000000000000000000000000000, sa_flags=none
SIGUSR2: [libjvm.dylib+0x48056a], sa_mask[0]=00100000000000000000000000000000, sa_flags=SA_RESTART|SA_SIGINFO
SIGHUP: [libjvm.dylib+0x47eb41], sa_mask[0]=11111111011111110111111111111111, sa_flags=SA_RESTART|SA_SIGINFO
SIGINT: [libjvm.dylib+0x47eb41], sa_mask[0]=11111111011111110111111111111111, sa_flags=SA_RESTART|SA_SIGINFO
SIGTERM: [libjvm.dylib+0x47eb41], sa_mask[0]=11111111011111110111111111111111, sa_flags=SA_RESTART|SA_SIGINFO
SIGQUIT: [libjvm.dylib+0x47eb41], sa_mask[0]=11111111011111110111111111111111, sa_flags=SA_RESTART|SA_SIGINFO


---------------  S Y S T E M  ---------------

OS:Bsduname:Darwin 16.7.0 Darwin Kernel Version 16.7.0: Sun Oct 28 22:30:19 PDT 2018; root:xnu-3789.73.27~1/RELEASE_X86_64 x86_64
rlimit: STACK 8192k, CORE 0k, NPROC 709, NOFILE 10240, AS infinity
load average:4.28 5.60 4.19

CPU:total 8 (4 cores per cpu, 2 threads per core) family 6 model 70 stepping 1, cmov, cx8, fxsr, mmx, sse, sse2, sse3, ssse3, sse4.1, sse4.2, popcnt, avx, avx2, aes, clmul, erms, lzcnt, ht, tsc, tscinvbit, bmi1, bmi2

Memory: 4k page, physical 16777216k(645180k free)

/proc/meminfo:


vm_info: Java HotSpot(TM) 64-Bit Server VM (25.60-b23) for bsd-amd64 JRE (1.8.0_60-b27), built on Aug  4 2015 10:47:24 by "java_re" with gcc 4.2.1 (Based on Apple Inc. build 5658) (LLVM build 2336.11.00)

time: Mon Jan 21 12:40:32 2019
elapsed time: 554 seconds (0d 0h 9m 14s)

